<?xml version="1.0" encoding="UTF-8"?>
<!-- Generated by org.testng.reporters.JUnitReportReporter -->
<testsuite hostname="DESKTOP-DJ9S0OS" failures="0" tests="1" name="com.Rest_Assured.Basic_method" time="6.562" errors="0" timestamp="2022-10-12T16:20:03 IST" skipped="0">
  <testcase classname="com.Rest_Assured.Basic_method" name="getMethod" time="6.562"/>
  <system-out/>
</testsuite> <!-- com.Rest_Assured.Basic_method -->
