<?xml version="1.0" encoding="UTF-8"?>
<!-- Generated by org.testng.reporters.JUnitReportReporter -->
<testsuite hostname="DESKTOP-DJ9S0OS" failures="0" tests="1" name="Rest_Assured.concepts.basicAuth" time="6.835" errors="0" timestamp="2023-01-03T11:49:05 IST" skipped="0">
  <testcase classname="Rest_Assured.concepts.basicAuth" name="BasicAuth" time="6.835"/>
  <system-out/>
</testsuite> <!-- Rest_Assured.concepts.basicAuth -->
