<?xml version="1.0" encoding="UTF-8"?>
<!-- Generated by org.testng.reporters.JUnitReportReporter -->
<testsuite hostname="DESKTOP-DJ9S0OS" failures="0" tests="2" name="RestAssuredAuthorization.basicAuth" time="6.080" errors="0" timestamp="2023-01-03T13:22:18 IST" skipped="1">
  <testcase classname="RestAssuredAuthorization.basicAuth" name="BasicAuthWithoutBaseUri" time="6.080"/>
  <system-out/>
  <testcase classname="RestAssuredAuthorization.basicAuth" name="BasicAuth">
    <skipped/>
  </testcase> <!-- BasicAuth -->
  <system-out/>
</testsuite> <!-- RestAssuredAuthorization.basicAuth -->
