<?xml version="1.0" encoding="UTF-8"?>
<!-- Generated by org.testng.reporters.JUnitReportReporter -->
<testsuite hostname="DESKTOP-DJ9S0OS" failures="0" tests="3" name="RestAssuredAuthorization.apiKey" time="3.602" errors="0" timestamp="2023-01-13T13:33:37 IST" skipped="2">
  <testcase classname="RestAssuredAuthorization.apiKey" name="apiByHeader" time="3.602"/>
  <system-out/>
  <testcase classname="RestAssuredAuthorization.apiKey" name="apiByDirectbyUrl">
    <skipped/>
  </testcase> <!-- apiByDirectbyUrl -->
  <system-out/>
  <testcase classname="RestAssuredAuthorization.apiKey" name="apiByQuery">
    <skipped/>
  </testcase> <!-- apiByQuery -->
  <system-out/>
</testsuite> <!-- RestAssuredAuthorization.apiKey -->
