<?xml version="1.0" encoding="UTF-8"?>
<!-- Generated by org.testng.reporters.JUnitReportReporter -->
<testsuite hostname="DESKTOP-DJ9S0OS" failures="0" tests="1" name="Rest_Assured.basicConcepts.GetAllEmployees" time="2.401" errors="0" timestamp="2022-10-13T21:08:39 IST" skipped="0">
  <testcase classname="Rest_Assured.basicConcepts.GetAllEmployees" name="getAllEmployees" time="2.401"/>
  <system-out/>
</testsuite> <!-- Rest_Assured.basicConcepts.GetAllEmployees -->
