<?xml version="1.0" encoding="UTF-8"?>
<!-- Generated by org.testng.reporters.JUnitReportReporter -->
<testsuite hostname="DESKTOP-DJ9S0OS" failures="0" tests="1" name="RestAssuredAuthorization.bearerToken" time="3.901" errors="0" timestamp="2023-01-03T13:50:37 IST" skipped="0">
  <testcase classname="RestAssuredAuthorization.bearerToken" name="BearerToken" time="3.901"/>
  <system-out/>
</testsuite> <!-- RestAssuredAuthorization.bearerToken -->
