<?xml version="1.0" encoding="UTF-8"?>
<!-- Generated by org.testng.reporters.JUnitReportReporter -->
<testsuite hostname="DESKTOP-DJ9S0OS" failures="0" tests="1" name="RestAssuredBDD.CreateEmployees" time="2.728" errors="0" timestamp="2022-10-26T19:07:20 IST" skipped="0">
  <testcase classname="RestAssuredBDD.CreateEmployees" name="createEmployees" time="2.728"/>
  <system-out/>
</testsuite> <!-- RestAssuredBDD.CreateEmployees -->
