<?xml version="1.0" encoding="UTF-8"?>
<!-- Generated by org.testng.reporters.JUnitReportReporter -->
<testsuite hostname="DESKTOP-DJ9S0OS" failures="0" tests="2" name="RestAssuredBDD.UpdateEmployees" time="3.230" errors="0" timestamp="2022-10-26T19:14:18 IST" skipped="0">
  <testcase classname="RestAssuredBDD.UpdateEmployees" name="updateEmployees" time="0.102"/>
  <system-out/>
  <testcase classname="RestAssuredBDD.UpdateEmployees" name="DeleteEmployees" time="3.128"/>
  <system-out/>
</testsuite> <!-- RestAssuredBDD.UpdateEmployees -->
