<?xml version="1.0" encoding="UTF-8"?>
<!-- Generated by org.testng.reporters.JUnitReportReporter -->
<testsuite hostname="DESKTOP-DJ9S0OS" failures="0" tests="2" name="Rest_Assured.basicConcepts.DeleteEmployees" time="2.492" errors="0" timestamp="2022-10-26T17:50:21 IST" skipped="0">
  <testcase classname="Rest_Assured.basicConcepts.DeleteEmployees" name="DeleteEmployees" time="2.305"/>
  <system-out/>
  <testcase classname="Rest_Assured.basicConcepts.DeleteEmployees" name="getAnEmployee" time="0.187"/>
  <system-out/>
</testsuite> <!-- Rest_Assured.basicConcepts.DeleteEmployees -->
