<?xml version="1.0" encoding="UTF-8"?>
<!-- Generated by org.testng.reporters.JUnitReportReporter -->
<testsuite hostname="DESKTOP-DJ9S0OS" failures="0" tests="1" name="Rest_Assured.basicConcepts.Basic_method" time="6.706" errors="0" timestamp="2022-10-12T16:33:13 IST" skipped="0">
  <testcase classname="Rest_Assured.basicConcepts.Basic_method" name="getMethod" time="6.706"/>
  <system-out/>
</testsuite> <!-- Rest_Assured.basicConcepts.Basic_method -->
