<?xml version="1.0" encoding="UTF-8"?>
<!-- Generated by org.testng.reporters.JUnitReportReporter -->
<testsuite hostname="DESKTOP-DJ9S0OS" failures="0" tests="1" name="Rest_Assured.basicConcepts.UpdateEmployees" time="3.023" errors="0" timestamp="2022-10-26T17:42:00 IST" skipped="0">
  <testcase classname="Rest_Assured.basicConcepts.UpdateEmployees" name="PostMethod" time="3.023"/>
  <system-out/>
</testsuite> <!-- Rest_Assured.basicConcepts.UpdateEmployees -->
