<?xml version="1.0" encoding="UTF-8"?>
<!-- Generated by org.testng.reporters.JUnitReportReporter -->
<testsuite hostname="DESKTOP-DJ9S0OS" failures="0" tests="1" name="RestAssuredAuthorization.oAuth2" time="3.601" errors="0" timestamp="2023-01-03T14:13:37 IST" skipped="0">
  <testcase classname="RestAssuredAuthorization.oAuth2" name="OAuth2" time="3.601"/>
  <system-out/>
</testsuite> <!-- RestAssuredAuthorization.oAuth2 -->
