<?xml version="1.0" encoding="UTF-8"?>
<!-- Generated by org.testng.reporters.JUnitReportReporter -->
<testsuite hostname="DESKTOP-DJ9S0OS" failures="0" tests="1" name="RestAssuredBDD.GetAllEmployees" time="2.968" errors="0" timestamp="2022-10-26T18:53:11 IST" skipped="0">
  <testcase classname="RestAssuredBDD.GetAllEmployees" name="getAllEmployees" time="2.968"/>
  <system-out/>
</testsuite> <!-- RestAssuredBDD.GetAllEmployees -->
